<?xml version="1.0" encoding="UTF-8" standalone="yes"?>
<testsuites name="1" time="12" tests="5" failures="0" errors="0">
    <testsuite name="1" tests="5" failures="0" errors="0" time="12" timestamp="2019-10-21 12:30:54" hostname="vladi - DESKTOP-728KFTB" id="Test Suites/1">
        <properties>
            <property name="deviceName" value=""/>
            <property name="devicePlatform" value=""/>
            <property name="logFolder" value="C:\\Users\\vladi\\Katalon Studio\\APITest\\Reports\\20191021_123049\\1\\20191021_123050"/>
            <property name="logFiles" value="C:\\Users\\vladi\\Katalon Studio\\APITest\\Reports\\20191021_123049\\1\\20191021_123050\\execution0.log"/>
            <property name="attachments" value=""/>
            <property name="hostName" value="vladi - DESKTOP-728KFTB"/>
            <property name="hostAddress" value="10.1.4.106"/>
            <property name="os" value="Windows 10 64bit"/>
            <property name="katalonVersion" value="6.3.3.11"/>
        </properties>
        <testcase name="Test Cases/User(GET_POST)" classname="Test Cases/User(GET_POST)" status="PASSED">
            <system-out>2019-10-21 12:30:54 - [TEST_CASE][PASSED] - Test Cases/User(GET_POST): Test Cases/User(GET_POST)&#xD;
&#xD;
2019-10-21 12:30:56 - [TEST_STEP][PASSED] - response = sendRequest(findTestObject("Object Repository/Create users")): Send request successfully&#xD;
&#xD;
2019-10-21 12:30:59 - [MESSAGE][INFO] - HAR: C:\Users\vladi\Katalon Studio\APITest\Reports\20191021_123049\1\20191021_123050\requests\main\0.har&#xD;
&#xD;
2019-10-21 12:31:00 - [MESSAGE][PASSED] - Send request successfully&#xD;
&#xD;
2019-10-21 12:31:00 - [TEST_STEP][PASSED] - verifyResponseStatusCode(response, 201): Verify response status code successfully&#xD;
&#xD;
2019-10-21 12:31:00 - [MESSAGE][PASSED] - Verify response status code successfully&#xD;
&#xD;
2019-10-21 12:31:00 - [TEST_STEP][PASSED] - verifyElementPropertyValue(response, "title", findTestData("REST").getValue(1, 1)): Verify element property value successfully&#xD;
&#xD;
2019-10-21 12:31:00 - [MESSAGE][PASSED] - Verify element property value successfully&#xD;
&#xD;
2019-10-21 12:31:00 - [TEST_STEP][PASSED] - verifyElementPropertyValue(response, "author", findTestData("REST").getValue(2, 1)): Verify element property value successfully&#xD;
&#xD;
2019-10-21 12:31:00 - [MESSAGE][PASSED] - Verify element property value successfully&#xD;
&#xD;
2019-10-21 12:31:00 - [TEST_STEP][PASSED] - response = sendRequest(findTestObject("GETs user")): Send request successfully&#xD;
&#xD;
2019-10-21 12:31:00 - [MESSAGE][INFO] - HAR: C:\Users\vladi\Katalon Studio\APITest\Reports\20191021_123049\1\20191021_123050\requests\main\1.har&#xD;
&#xD;
2019-10-21 12:31:00 - [MESSAGE][PASSED] - Send request successfully&#xD;
&#xD;
2019-10-21 12:31:00 - [TEST_STEP][PASSED] - containsString(response, findTestData("REST").getValue(1, 1), false): Check contain string successfully&#xD;
&#xD;
2019-10-21 12:31:00 - [MESSAGE][PASSED] - Check contain string successfully</system-out>
            <system-err></system-err>
        </testcase>
        <testcase name="Test Cases/User(GET_POST)" classname="Test Cases/User(GET_POST)" status="PASSED">
            <system-out>2019-10-21 12:31:01 - [TEST_CASE][PASSED] - Test Cases/User(GET_POST): Test Cases/User(GET_POST)&#xD;
&#xD;
2019-10-21 12:31:01 - [TEST_STEP][PASSED] - response = sendRequest(findTestObject("Object Repository/Create users")): Send request successfully&#xD;
&#xD;
2019-10-21 12:31:01 - [MESSAGE][INFO] - HAR: C:\Users\vladi\Katalon Studio\APITest\Reports\20191021_123049\1\20191021_123050\requests\main\2.har&#xD;
&#xD;
2019-10-21 12:31:01 - [MESSAGE][PASSED] - Send request successfully&#xD;
&#xD;
2019-10-21 12:31:01 - [TEST_STEP][PASSED] - verifyResponseStatusCode(response, 201): Verify response status code successfully&#xD;
&#xD;
2019-10-21 12:31:01 - [MESSAGE][PASSED] - Verify response status code successfully&#xD;
&#xD;
2019-10-21 12:31:01 - [TEST_STEP][PASSED] - verifyElementPropertyValue(response, "title", findTestData("REST").getValue(1, 1)): Verify element property value successfully&#xD;
&#xD;
2019-10-21 12:31:01 - [MESSAGE][PASSED] - Verify element property value successfully&#xD;
&#xD;
2019-10-21 12:31:01 - [TEST_STEP][PASSED] - verifyElementPropertyValue(response, "author", findTestData("REST").getValue(2, 1)): Verify element property value successfully&#xD;
&#xD;
2019-10-21 12:31:01 - [MESSAGE][PASSED] - Verify element property value successfully&#xD;
&#xD;
2019-10-21 12:31:01 - [TEST_STEP][PASSED] - response = sendRequest(findTestObject("GETs user")): Send request successfully&#xD;
&#xD;
2019-10-21 12:31:01 - [MESSAGE][INFO] - HAR: C:\Users\vladi\Katalon Studio\APITest\Reports\20191021_123049\1\20191021_123050\requests\main\3.har&#xD;
&#xD;
2019-10-21 12:31:01 - [MESSAGE][PASSED] - Send request successfully&#xD;
&#xD;
2019-10-21 12:31:01 - [TEST_STEP][PASSED] - containsString(response, findTestData("REST").getValue(1, 1), false): Check contain string successfully&#xD;
&#xD;
2019-10-21 12:31:01 - [MESSAGE][PASSED] - Check contain string successfully</system-out>
            <system-err></system-err>
        </testcase>
        <testcase name="Test Cases/User(GET_POST)" classname="Test Cases/User(GET_POST)" status="PASSED">
            <system-out>2019-10-21 12:31:01 - [TEST_CASE][PASSED] - Test Cases/User(GET_POST): Test Cases/User(GET_POST)&#xD;
&#xD;
2019-10-21 12:31:01 - [TEST_STEP][PASSED] - response = sendRequest(findTestObject("Object Repository/Create users")): Send request successfully&#xD;
&#xD;
2019-10-21 12:31:02 - [MESSAGE][INFO] - HAR: C:\Users\vladi\Katalon Studio\APITest\Reports\20191021_123049\1\20191021_123050\requests\main\4.har&#xD;
&#xD;
2019-10-21 12:31:02 - [MESSAGE][PASSED] - Send request successfully&#xD;
&#xD;
2019-10-21 12:31:02 - [TEST_STEP][PASSED] - verifyResponseStatusCode(response, 201): Verify response status code successfully&#xD;
&#xD;
2019-10-21 12:31:02 - [MESSAGE][PASSED] - Verify response status code successfully&#xD;
&#xD;
2019-10-21 12:31:02 - [TEST_STEP][PASSED] - verifyElementPropertyValue(response, "title", findTestData("REST").getValue(1, 1)): Verify element property value successfully&#xD;
&#xD;
2019-10-21 12:31:02 - [MESSAGE][PASSED] - Verify element property value successfully&#xD;
&#xD;
2019-10-21 12:31:02 - [TEST_STEP][PASSED] - verifyElementPropertyValue(response, "author", findTestData("REST").getValue(2, 1)): Verify element property value successfully&#xD;
&#xD;
2019-10-21 12:31:03 - [MESSAGE][PASSED] - Verify element property value successfully&#xD;
&#xD;
2019-10-21 12:31:03 - [TEST_STEP][PASSED] - response = sendRequest(findTestObject("GETs user")): Send request successfully&#xD;
&#xD;
2019-10-21 12:31:03 - [MESSAGE][INFO] - HAR: C:\Users\vladi\Katalon Studio\APITest\Reports\20191021_123049\1\20191021_123050\requests\main\5.har&#xD;
&#xD;
2019-10-21 12:31:03 - [MESSAGE][PASSED] - Send request successfully&#xD;
&#xD;
2019-10-21 12:31:03 - [TEST_STEP][PASSED] - containsString(response, findTestData("REST").getValue(1, 1), false): Check contain string successfully&#xD;
&#xD;
2019-10-21 12:31:03 - [MESSAGE][PASSED] - Check contain string successfully</system-out>
            <system-err></system-err>
        </testcase>
        <testcase name="Test Cases/User(GET_POST)" classname="Test Cases/User(GET_POST)" status="PASSED">
            <system-out>2019-10-21 12:31:03 - [TEST_CASE][PASSED] - Test Cases/User(GET_POST): Test Cases/User(GET_POST)&#xD;
&#xD;
2019-10-21 12:31:03 - [TEST_STEP][PASSED] - response = sendRequest(findTestObject("Object Repository/Create users")): Send request successfully&#xD;
&#xD;
2019-10-21 12:31:04 - [MESSAGE][INFO] - HAR: C:\Users\vladi\Katalon Studio\APITest\Reports\20191021_123049\1\20191021_123050\requests\main\6.har&#xD;
&#xD;
2019-10-21 12:31:04 - [MESSAGE][PASSED] - Send request successfully&#xD;
&#xD;
2019-10-21 12:31:04 - [TEST_STEP][PASSED] - verifyResponseStatusCode(response, 201): Verify response status code successfully&#xD;
&#xD;
2019-10-21 12:31:04 - [MESSAGE][PASSED] - Verify response status code successfully&#xD;
&#xD;
2019-10-21 12:31:04 - [TEST_STEP][PASSED] - verifyElementPropertyValue(response, "title", findTestData("REST").getValue(1, 1)): Verify element property value successfully&#xD;
&#xD;
2019-10-21 12:31:04 - [MESSAGE][PASSED] - Verify element property value successfully&#xD;
&#xD;
2019-10-21 12:31:04 - [TEST_STEP][PASSED] - verifyElementPropertyValue(response, "author", findTestData("REST").getValue(2, 1)): Verify element property value successfully&#xD;
&#xD;
2019-10-21 12:31:04 - [MESSAGE][PASSED] - Verify element property value successfully&#xD;
&#xD;
2019-10-21 12:31:04 - [TEST_STEP][PASSED] - response = sendRequest(findTestObject("GETs user")): Send request successfully&#xD;
&#xD;
2019-10-21 12:31:05 - [MESSAGE][INFO] - HAR: C:\Users\vladi\Katalon Studio\APITest\Reports\20191021_123049\1\20191021_123050\requests\main\7.har&#xD;
&#xD;
2019-10-21 12:31:05 - [MESSAGE][PASSED] - Send request successfully&#xD;
&#xD;
2019-10-21 12:31:05 - [TEST_STEP][PASSED] - containsString(response, findTestData("REST").getValue(1, 1), false): Check contain string successfully&#xD;
&#xD;
2019-10-21 12:31:05 - [MESSAGE][PASSED] - Check contain string successfully</system-out>
            <system-err></system-err>
        </testcase>
        <testcase name="Test Cases/User(GET_POST)" classname="Test Cases/User(GET_POST)" status="PASSED">
            <system-out>2019-10-21 12:31:05 - [TEST_CASE][PASSED] - Test Cases/User(GET_POST): Test Cases/User(GET_POST)&#xD;
&#xD;
2019-10-21 12:31:05 - [TEST_STEP][PASSED] - response = sendRequest(findTestObject("Object Repository/Create users")): Send request successfully&#xD;
&#xD;
2019-10-21 12:31:05 - [MESSAGE][INFO] - HAR: C:\Users\vladi\Katalon Studio\APITest\Reports\20191021_123049\1\20191021_123050\requests\main\8.har&#xD;
&#xD;
2019-10-21 12:31:05 - [MESSAGE][PASSED] - Send request successfully&#xD;
&#xD;
2019-10-21 12:31:05 - [TEST_STEP][PASSED] - verifyResponseStatusCode(response, 201): Verify response status code successfully&#xD;
&#xD;
2019-10-21 12:31:05 - [MESSAGE][PASSED] - Verify response status code successfully&#xD;
&#xD;
2019-10-21 12:31:05 - [TEST_STEP][PASSED] - verifyElementPropertyValue(response, "title", findTestData("REST").getValue(1, 1)): Verify element property value successfully&#xD;
&#xD;
2019-10-21 12:31:05 - [MESSAGE][PASSED] - Verify element property value successfully&#xD;
&#xD;
2019-10-21 12:31:05 - [TEST_STEP][PASSED] - verifyElementPropertyValue(response, "author", findTestData("REST").getValue(2, 1)): Verify element property value successfully&#xD;
&#xD;
2019-10-21 12:31:06 - [MESSAGE][PASSED] - Verify element property value successfully&#xD;
&#xD;
2019-10-21 12:31:06 - [TEST_STEP][PASSED] - response = sendRequest(findTestObject("GETs user")): Send request successfully&#xD;
&#xD;
2019-10-21 12:31:06 - [MESSAGE][INFO] - HAR: C:\Users\vladi\Katalon Studio\APITest\Reports\20191021_123049\1\20191021_123050\requests\main\9.har&#xD;
&#xD;
2019-10-21 12:31:06 - [MESSAGE][PASSED] - Send request successfully&#xD;
&#xD;
2019-10-21 12:31:06 - [TEST_STEP][PASSED] - containsString(response, findTestData("REST").getValue(1, 1), false): Check contain string successfully&#xD;
&#xD;
2019-10-21 12:31:06 - [MESSAGE][PASSED] - Check contain string successfully</system-out>
            <system-err></system-err>
        </testcase>
        <system-out>2019-10-21 12:30:54 - [TEST_SUITE][INCOMPLETE] - 1: null</system-out>
        <system-err>2019-10-21 12:30:54 - [TEST_SUITE][INCOMPLETE] - 1: null</system-err>
    </testsuite>
</testsuites>
