<?xml version="1.0" encoding="UTF-8" standalone="yes"?>
<testsuites name="11" time="3" tests="5" failures="0" errors="0">
    <testsuite name="11" tests="5" failures="0" errors="0" time="3" timestamp="2019-10-21 18:41:56" hostname="vladi - DESKTOP-728KFTB" id="Test Suites/11">
        <properties>
            <property name="deviceName" value=""/>
            <property name="devicePlatform" value=""/>
            <property name="logFolder" value="C:\\Users\\vladi\\Katalon Studio\\APITest\\Reports\\20191021_184154\\11\\20191021_184154"/>
            <property name="logFiles" value="C:\\Users\\vladi\\Katalon Studio\\APITest\\Reports\\20191021_184154\\11\\20191021_184154\\execution0.log"/>
            <property name="attachments" value=""/>
            <property name="hostName" value="vladi - DESKTOP-728KFTB"/>
            <property name="hostAddress" value="10.1.4.106"/>
            <property name="os" value="Windows 10 64bit"/>
            <property name="katalonVersion" value="6.3.3.11"/>
        </properties>
        <testcase name="Test Cases/User(GET_POST)" classname="Test Cases/User(GET_POST)" status="PASSED">
            <system-out>2019-10-21 18:41:56 - [TEST_CASE][PASSED] - Test Cases/User(GET_POST): Test Cases/User(GET_POST)&#xD;
&#xD;
2019-10-21 18:41:57 - [TEST_STEP][PASSED] - response = sendRequest(findTestObject("Create users", ["title":title, "author":author, "Test":Test])): Send request successfully&#xD;
&#xD;
2019-10-21 18:41:58 - [MESSAGE][INFO] - HAR: C:\Users\vladi\Katalon Studio\APITest\Reports\20191021_184154\11\20191021_184154\requests\main\0.har&#xD;
&#xD;
2019-10-21 18:41:58 - [MESSAGE][PASSED] - Send request successfully&#xD;
&#xD;
2019-10-21 18:41:58 - [TEST_STEP][PASSED] - verifyResponseStatusCode(response, 201): Verify response status code successfully&#xD;
&#xD;
2019-10-21 18:41:58 - [MESSAGE][PASSED] - Verify response status code successfully&#xD;
&#xD;
2019-10-21 18:41:58 - [TEST_STEP][PASSED] - verifyElementPropertyValue(response, "title", title): Verify element property value successfully&#xD;
&#xD;
2019-10-21 18:41:58 - [MESSAGE][PASSED] - Verify element property value successfully&#xD;
&#xD;
2019-10-21 18:41:58 - [TEST_STEP][PASSED] - verifyElementPropertyValue(response, "author", author): Verify element property value successfully&#xD;
&#xD;
2019-10-21 18:41:58 - [MESSAGE][PASSED] - Verify element property value successfully&#xD;
&#xD;
2019-10-21 18:41:58 - [TEST_STEP][PASSED] - verifyElementPropertyValue(response, "Test", Test): Verify element property value successfully&#xD;
&#xD;
2019-10-21 18:41:58 - [MESSAGE][PASSED] - Verify element property value successfully</system-out>
            <system-err></system-err>
        </testcase>
        <testcase name="Test Cases/User(GET_POST)" classname="Test Cases/User(GET_POST)" status="PASSED">
            <system-out>2019-10-21 18:41:58 - [TEST_CASE][PASSED] - Test Cases/User(GET_POST): Test Cases/User(GET_POST)&#xD;
&#xD;
2019-10-21 18:41:58 - [TEST_STEP][PASSED] - response = sendRequest(findTestObject("Create users", ["title":title, "author":author, "Test":Test])): Send request successfully&#xD;
&#xD;
2019-10-21 18:41:58 - [MESSAGE][INFO] - HAR: C:\Users\vladi\Katalon Studio\APITest\Reports\20191021_184154\11\20191021_184154\requests\main\1.har&#xD;
&#xD;
2019-10-21 18:41:58 - [MESSAGE][PASSED] - Send request successfully&#xD;
&#xD;
2019-10-21 18:41:58 - [TEST_STEP][PASSED] - verifyResponseStatusCode(response, 201): Verify response status code successfully&#xD;
&#xD;
2019-10-21 18:41:59 - [MESSAGE][PASSED] - Verify response status code successfully&#xD;
&#xD;
2019-10-21 18:41:59 - [TEST_STEP][PASSED] - verifyElementPropertyValue(response, "title", title): Verify element property value successfully&#xD;
&#xD;
2019-10-21 18:41:59 - [MESSAGE][PASSED] - Verify element property value successfully&#xD;
&#xD;
2019-10-21 18:41:59 - [TEST_STEP][PASSED] - verifyElementPropertyValue(response, "author", author): Verify element property value successfully&#xD;
&#xD;
2019-10-21 18:41:59 - [MESSAGE][PASSED] - Verify element property value successfully&#xD;
&#xD;
2019-10-21 18:41:59 - [TEST_STEP][PASSED] - verifyElementPropertyValue(response, "Test", Test): Verify element property value successfully&#xD;
&#xD;
2019-10-21 18:41:59 - [MESSAGE][PASSED] - Verify element property value successfully</system-out>
            <system-err></system-err>
        </testcase>
        <testcase name="Test Cases/User(GET_POST)" classname="Test Cases/User(GET_POST)" status="PASSED">
            <system-out>2019-10-21 18:41:59 - [TEST_CASE][PASSED] - Test Cases/User(GET_POST): Test Cases/User(GET_POST)&#xD;
&#xD;
2019-10-21 18:41:59 - [TEST_STEP][PASSED] - response = sendRequest(findTestObject("Create users", ["title":title, "author":author, "Test":Test])): Send request successfully&#xD;
&#xD;
2019-10-21 18:41:59 - [MESSAGE][INFO] - HAR: C:\Users\vladi\Katalon Studio\APITest\Reports\20191021_184154\11\20191021_184154\requests\main\2.har&#xD;
&#xD;
2019-10-21 18:41:59 - [MESSAGE][PASSED] - Send request successfully&#xD;
&#xD;
2019-10-21 18:41:59 - [TEST_STEP][PASSED] - verifyResponseStatusCode(response, 201): Verify response status code successfully&#xD;
&#xD;
2019-10-21 18:41:59 - [MESSAGE][PASSED] - Verify response status code successfully&#xD;
&#xD;
2019-10-21 18:41:59 - [TEST_STEP][PASSED] - verifyElementPropertyValue(response, "title", title): Verify element property value successfully&#xD;
&#xD;
2019-10-21 18:41:59 - [MESSAGE][PASSED] - Verify element property value successfully&#xD;
&#xD;
2019-10-21 18:41:59 - [TEST_STEP][PASSED] - verifyElementPropertyValue(response, "author", author): Verify element property value successfully&#xD;
&#xD;
2019-10-21 18:41:59 - [MESSAGE][PASSED] - Verify element property value successfully&#xD;
&#xD;
2019-10-21 18:41:59 - [TEST_STEP][PASSED] - verifyElementPropertyValue(response, "Test", Test): Verify element property value successfully&#xD;
&#xD;
2019-10-21 18:41:59 - [MESSAGE][PASSED] - Verify element property value successfully</system-out>
            <system-err></system-err>
        </testcase>
        <testcase name="Test Cases/User(GET_POST)" classname="Test Cases/User(GET_POST)" status="PASSED">
            <system-out>2019-10-21 18:41:59 - [TEST_CASE][PASSED] - Test Cases/User(GET_POST): Test Cases/User(GET_POST)&#xD;
&#xD;
2019-10-21 18:41:59 - [TEST_STEP][PASSED] - response = sendRequest(findTestObject("Create users", ["title":title, "author":author, "Test":Test])): Send request successfully&#xD;
&#xD;
2019-10-21 18:41:59 - [MESSAGE][INFO] - HAR: C:\Users\vladi\Katalon Studio\APITest\Reports\20191021_184154\11\20191021_184154\requests\main\3.har&#xD;
&#xD;
2019-10-21 18:41:59 - [MESSAGE][PASSED] - Send request successfully&#xD;
&#xD;
2019-10-21 18:41:59 - [TEST_STEP][PASSED] - verifyResponseStatusCode(response, 201): Verify response status code successfully&#xD;
&#xD;
2019-10-21 18:41:59 - [MESSAGE][PASSED] - Verify response status code successfully&#xD;
&#xD;
2019-10-21 18:41:59 - [TEST_STEP][PASSED] - verifyElementPropertyValue(response, "title", title): Verify element property value successfully&#xD;
&#xD;
2019-10-21 18:41:59 - [MESSAGE][PASSED] - Verify element property value successfully&#xD;
&#xD;
2019-10-21 18:41:59 - [TEST_STEP][PASSED] - verifyElementPropertyValue(response, "author", author): Verify element property value successfully&#xD;
&#xD;
2019-10-21 18:41:59 - [MESSAGE][PASSED] - Verify element property value successfully&#xD;
&#xD;
2019-10-21 18:41:59 - [TEST_STEP][PASSED] - verifyElementPropertyValue(response, "Test", Test): Verify element property value successfully&#xD;
&#xD;
2019-10-21 18:41:59 - [MESSAGE][PASSED] - Verify element property value successfully</system-out>
            <system-err></system-err>
        </testcase>
        <testcase name="Test Cases/User(GET_POST)" classname="Test Cases/User(GET_POST)" status="PASSED">
            <system-out>2019-10-21 18:41:59 - [TEST_CASE][PASSED] - Test Cases/User(GET_POST): Test Cases/User(GET_POST)&#xD;
&#xD;
2019-10-21 18:41:59 - [TEST_STEP][PASSED] - response = sendRequest(findTestObject("Create users", ["title":title, "author":author, "Test":Test])): Send request successfully&#xD;
&#xD;
2019-10-21 18:41:59 - [MESSAGE][INFO] - HAR: C:\Users\vladi\Katalon Studio\APITest\Reports\20191021_184154\11\20191021_184154\requests\main\4.har&#xD;
&#xD;
2019-10-21 18:41:59 - [MESSAGE][PASSED] - Send request successfully&#xD;
&#xD;
2019-10-21 18:41:59 - [TEST_STEP][PASSED] - verifyResponseStatusCode(response, 201): Verify response status code successfully&#xD;
&#xD;
2019-10-21 18:41:59 - [MESSAGE][PASSED] - Verify response status code successfully&#xD;
&#xD;
2019-10-21 18:41:59 - [TEST_STEP][PASSED] - verifyElementPropertyValue(response, "title", title): Verify element property value successfully&#xD;
&#xD;
2019-10-21 18:41:59 - [MESSAGE][PASSED] - Verify element property value successfully&#xD;
&#xD;
2019-10-21 18:41:59 - [TEST_STEP][PASSED] - verifyElementPropertyValue(response, "author", author): Verify element property value successfully&#xD;
&#xD;
2019-10-21 18:41:59 - [MESSAGE][PASSED] - Verify element property value successfully&#xD;
&#xD;
2019-10-21 18:41:59 - [TEST_STEP][PASSED] - verifyElementPropertyValue(response, "Test", Test): Verify element property value successfully&#xD;
&#xD;
2019-10-21 18:41:59 - [MESSAGE][PASSED] - Verify element property value successfully</system-out>
            <system-err></system-err>
        </testcase>
        <system-out>2019-10-21 18:41:56 - [TEST_SUITE][INCOMPLETE] - 11: null</system-out>
        <system-err>2019-10-21 18:41:56 - [TEST_SUITE][INCOMPLETE] - 11: null</system-err>
    </testsuite>
</testsuites>
